<component name="libraryTable">
  <library name="junit5-r5.9">
    <CLASSES>
      <root url="file://$USER_HOME$/Downloads/junit5-r5.9.1/gradle" />
      <root url="file://$USER_HOME$/Downloads/gradle-7.5.1/bin" />
      <root url="file://$USER_HOME$/Downloads/gradle-7.5.1/lib" />
    </CLASSES>
    <JAVADOC />
    <SOURCES>
      <root url="file://$USER_HOME$/Downloads/junit5-r5.9.1" />
      <root url="file://$USER_HOME$/Downloads/junit5-r5.9.1/documentation/src/main/java" />
      <root url="file://$USER_HOME$/Downloads/junit5-r5.9.1/documentation/src/test/java" />
      <root url="file://$USER_HOME$/Downloads/junit5-r5.9.1/junit-jupiter-api/src/main/java" />
      <root url="file://$USER_HOME$/Downloads/junit5-r5.9.1/junit-jupiter-api/src/testFixtures/java" />
      <root url="file://$USER_HOME$/Downloads/junit5-r5.9.1/junit-jupiter-engine/src/main/java" />
      <root url="file://$USER_HOME$/Downloads/junit5-r5.9.1/junit-jupiter-engine/src/test/java" />
      <root url="file://$USER_HOME$/Downloads/junit5-r5.9.1/junit-jupiter-engine/src/testFixtures/java" />
      <root url="file://$USER_HOME$/Downloads/junit5-r5.9.1/junit-jupiter-migrationsupport/src/main/java" />
      <root url="file://$USER_HOME$/Downloads/junit5-r5.9.1/junit-jupiter-migrationsupport/src/test/java" />
      <root url="file://$USER_HOME$/Downloads/junit5-r5.9.1/junit-jupiter-params/src/main/java" />
      <root url="file://$USER_HOME$/Downloads/junit5-r5.9.1/junit-jupiter-params/src/test/java" />
      <root url="file://$USER_HOME$/Downloads/junit5-r5.9.1/junit-platform-commons/src/main/java" />
      <root url="file://$USER_HOME$/Downloads/junit5-r5.9.1/junit-platform-commons/src/main/java9" />
      <root url="file://$USER_HOME$/Downloads/junit5-r5.9.1/junit-platform-commons/src/testFixtures/java" />
      <root url="file://$USER_HOME$/Downloads/junit5-r5.9.1/junit-platform-console/src/main/java" />
      <root url="file://$USER_HOME$/Downloads/junit5-r5.9.1/junit-platform-console/src/main/java17" />
      <root url="file://$USER_HOME$/Downloads/junit5-r5.9.1/junit-platform-console/src/main/java9" />
      <root url="file://$USER_HOME$/Downloads/junit5-r5.9.1/junit-platform-engine/src/main/java" />
      <root url="file://$USER_HOME$/Downloads/junit5-r5.9.1/junit-platform-engine/src/testFixtures/java" />
      <root url="file://$USER_HOME$/Downloads/junit5-r5.9.1/junit-platform-jfr/src/main/java" />
      <root url="file://$USER_HOME$/Downloads/junit5-r5.9.1/junit-platform-launcher/src/main/java" />
      <root url="file://$USER_HOME$/Downloads/junit5-r5.9.1/junit-platform-launcher/src/testFixtures/java" />
      <root url="file://$USER_HOME$/Downloads/junit5-r5.9.1/junit-platform-reporting/src/main/java" />
      <root url="file://$USER_HOME$/Downloads/junit5-r5.9.1/junit-platform-runner/src/main/java" />
      <root url="file://$USER_HOME$/Downloads/junit5-r5.9.1/junit-platform-suite-api/src/main/java" />
      <root url="file://$USER_HOME$/Downloads/junit5-r5.9.1/junit-platform-suite-commons/src/main/java" />
      <root url="file://$USER_HOME$/Downloads/junit5-r5.9.1/junit-platform-suite-engine/src/main/java" />
      <root url="file://$USER_HOME$/Downloads/junit5-r5.9.1/junit-platform-testkit/src/main/java" />
      <root url="file://$USER_HOME$/Downloads/junit5-r5.9.1/junit-vintage-engine/src/main/java" />
      <root url="file://$USER_HOME$/Downloads/junit5-r5.9.1/junit-vintage-engine/src/test/java" />
      <root url="file://$USER_HOME$/Downloads/junit5-r5.9.1/junit-vintage-engine/src/testFixtures/java" />
      <root url="file://$USER_HOME$/Downloads/junit5-r5.9.1/platform-tests/src/jmh/java" />
      <root url="file://$USER_HOME$/Downloads/junit5-r5.9.1/platform-tests/src/test/java" />
      <root url="file://$USER_HOME$/Downloads/junit5-r5.9.1/platform-tests/src/test/resources/modules-2500" />
      <root url="file://$USER_HOME$/Downloads/junit5-r5.9.1/platform-tooling-support-tests/projects/ant-starter/src/main/java" />
      <root url="file://$USER_HOME$/Downloads/junit5-r5.9.1/platform-tooling-support-tests/projects/ant-starter/src/test/java" />
      <root url="file://$USER_HOME$/Downloads/junit5-r5.9.1/platform-tooling-support-tests/projects/graalvm-starter/src/main/java" />
      <root url="file://$USER_HOME$/Downloads/junit5-r5.9.1/platform-tooling-support-tests/projects/graalvm-starter/src/test/java" />
      <root url="file://$USER_HOME$/Downloads/junit5-r5.9.1/platform-tooling-support-tests/projects/gradle-missing-engine/src/test/java" />
      <root url="file://$USER_HOME$/Downloads/junit5-r5.9.1/platform-tooling-support-tests/projects/gradle-starter/src/main/java" />
      <root url="file://$USER_HOME$/Downloads/junit5-r5.9.1/platform-tooling-support-tests/projects/gradle-starter/src/test/java" />
      <root url="file://$USER_HOME$/Downloads/junit5-r5.9.1/platform-tooling-support-tests/projects/java-versions/src/test/java" />
      <root url="file://$USER_HOME$/Downloads/junit5-r5.9.1/platform-tooling-support-tests/projects/maven-starter/src/main/java" />
      <root url="file://$USER_HOME$/Downloads/junit5-r5.9.1/platform-tooling-support-tests/projects/maven-starter/src/test/java" />
      <root url="file://$USER_HOME$/Downloads/junit5-r5.9.1/platform-tooling-support-tests/projects/multi-release-jar/default/src/test/java/integration" />
      <root url="file://$USER_HOME$/Downloads/junit5-r5.9.1/platform-tooling-support-tests/projects/standalone/src" />
      <root url="file://$USER_HOME$/Downloads/junit5-r5.9.1/platform-tooling-support-tests/projects/vintage/src/test/java" />
      <root url="file://$USER_HOME$/Downloads/junit5-r5.9.1/platform-tooling-support-tests/src/main/java" />
      <root url="file://$USER_HOME$/Downloads/junit5-r5.9.1/platform-tooling-support-tests/src/test/java" />
      <root url="file://$USER_HOME$/Downloads/junit5-r5.9.1/buildSrc" />
    </SOURCES>
    <jarDirectory url="file://$USER_HOME$/Downloads/gradle-7.5.1/lib" recursive="false" />
  </library>
</component>